{
  "Cucumber Features": {
    "coverage": {
      "/media/gwj/home/course/606/hw/hw4/rottenpotatoes-rails-intro/app/models/movie.rb": [
        1,
        null,
        1,
        null,
        1,
        null,
        1,
        25,
        null,
        null,
        null,
        1,
        16,
        4,
        null,
        12,
        null,
        null,
        null,
        1,
        1,
        null,
        null
      ],
      "/media/gwj/home/course/606/hw/hw4/rottenpotatoes-rails-intro/app/controllers/movies_controller.rb": [
        1,
        null,
        null,
        null,
        1,
        4,
        null,
        null,
        null,
        null,
        1,
        19,
        null,
        19,
        null,
        19,
        null,
        19,
        null,
        null,
        null,
        null,
        1,
        null,
        16,
        4,
        null,
        null,
        null,
        null,
        null,
        1,
        null,
        16,
        4,
        1,
        3,
        3,
        null,
        null,
        null,
        null,
        null,
        null,
        1,
        null,
        19,
        null,
        19,
        null,
        null,
        null,
        null,
        1,
        19,
        19,
        19,
        null,
        null,
        null,
        null,
        19,
        3,
        3,
        null,
        null,
        16,
        0,
        0,
        null,
        16,
        null,
        null,
        null,
        null,
        null,
        1,
        null,
        null,
        null,
        null,
        null,
        1,
        2,
        2,
        1,
        1,
        1,
        1,
        1,
        null,
        null,
        null,
        null,
        null,
        1,
        5,
        5,
        5,
        null,
        5,
        null,
        null,
        null,
        null,
        1,
        2,
        2,
        null,
        2,
        1,
        1,
        null,
        1,
        1,
        1,
        1,
        null,
        null,
        null,
        null,
        null,
        1,
        3,
        null,
        null,
        null,
        null,
        1,
        2,
        2,
        2,
        1,
        1,
        1,
        1,
        1,
        null,
        null,
        null,
        null,
        null,
        1,
        1,
        1,
        1,
        1,
        null,
        null
      ],
      "/media/gwj/home/course/606/hw/hw4/rottenpotatoes-rails-intro/app/controllers/application_controller.rb": [
        1,
        null,
        null,
        1,
        null
      ],
      "/media/gwj/home/course/606/hw/hw4/rottenpotatoes-rails-intro/app/helpers/application_helper.rb": [
        1,
        null
      ],
      "/media/gwj/home/course/606/hw/hw4/rottenpotatoes-rails-intro/app/helpers/movies_helper.rb": [
        1,
        null,
        1,
        32,
        4,
        null,
        null,
        null
      ]
    },
    "timestamp": 1477720772
  },
  "RSpec": {
    "coverage": {
      "/media/gwj/home/course/606/hw/hw4/rottenpotatoes-rails-intro/app/helpers/application_helper.rb": [
        1,
        null
      ],
      "/media/gwj/home/course/606/hw/hw4/rottenpotatoes-rails-intro/app/helpers/movies_helper.rb": [
        1,
        null,
        1,
        36,
        2,
        null,
        null,
        null
      ],
      "/media/gwj/home/course/606/hw/hw4/rottenpotatoes-rails-intro/app/controllers/movies_controller.rb": [
        1,
        null,
        null,
        null,
        1,
        12,
        null,
        null,
        null,
        null,
        1,
        25,
        null,
        25,
        null,
        25,
        null,
        25,
        null,
        null,
        null,
        null,
        1,
        null,
        20,
        5,
        null,
        null,
        null,
        null,
        null,
        1,
        null,
        20,
        2,
        1,
        1,
        1,
        null,
        null,
        null,
        null,
        null,
        null,
        1,
        null,
        25,
        null,
        25,
        null,
        null,
        null,
        null,
        1,
        25,
        25,
        25,
        null,
        null,
        null,
        null,
        25,
        5,
        5,
        null,
        null,
        20,
        0,
        0,
        null,
        20,
        null,
        null,
        null,
        null,
        null,
        1,
        null,
        null,
        null,
        null,
        null,
        1,
        5,
        5,
        3,
        3,
        2,
        2,
        2,
        null,
        null,
        null,
        null,
        null,
        1,
        13,
        13,
        13,
        null,
        13,
        null,
        null,
        null,
        null,
        1,
        2,
        2,
        null,
        2,
        0,
        0,
        null,
        2,
        2,
        2,
        2,
        null,
        null,
        null,
        null,
        null,
        1,
        7,
        null,
        null,
        null,
        null,
        1,
        7,
        7,
        7,
        4,
        4,
        3,
        3,
        3,
        null,
        null,
        null,
        null,
        null,
        1,
        4,
        3,
        3,
        3,
        null,
        null
      ],
      "/media/gwj/home/course/606/hw/hw4/rottenpotatoes-rails-intro/app/controllers/application_controller.rb": [
        1,
        null,
        null,
        1,
        null
      ],
      "/media/gwj/home/course/606/hw/hw4/rottenpotatoes-rails-intro/app/models/movie.rb": [
        1,
        null,
        1,
        null,
        1,
        null,
        1,
        41,
        null,
        null,
        null,
        1,
        20,
        5,
        null,
        15,
        null,
        null,
        null,
        1,
        2,
        null,
        null
      ]
    },
    "timestamp": 1477866031
  }
}
